[debug] [2026-03-31T00:13:23.960Z] ----------------------------------------------------------------------
[debug] [2026-03-31T00:13:23.966Z] Command:       /Users/mac/.nvm/versions/node/v24.13.0/bin/node /Users/mac/.nvm/versions/node/v24.13.0/bin/firebase apps:list --project amira-cc205
[debug] [2026-03-31T00:13:23.971Z] CLI Version:   15.5.1
[debug] [2026-03-31T00:13:23.972Z] Platform:      darwin
[debug] [2026-03-31T00:13:23.973Z] Node Version:  v24.13.0
[debug] [2026-03-31T00:13:23.974Z] Time:          Tue Mar 31 2026 01:13:23 GMT+0100 (West Africa Standard Time)
[debug] [2026-03-31T00:13:23.975Z] ----------------------------------------------------------------------
[debug] 
[debug] [2026-03-31T00:13:25.461Z] > command requires scopes: ["email","openid","https://www.googleapis.com/auth/cloudplatformprojects.readonly","https://www.googleapis.com/auth/firebase","https://www.googleapis.com/auth/cloud-platform"]
[debug] [2026-03-31T00:13:25.462Z] > authorizing via signed-in user (guavanigeria@gmail.com)
[debug] [2026-03-31T00:13:25.466Z] Checked if tokens are valid: true, expires at: 1774918223169
[debug] [2026-03-31T00:13:25.470Z] Checked if tokens are valid: true, expires at: 1774918223169
[debug] [2026-03-31T00:13:25.474Z] >>> [apiv2][query] GET https://firebase.googleapis.com/v1beta1/projects/amira-cc205:searchApps pageSize=100
[debug] [2026-03-31T00:13:26.501Z] <<< [apiv2][status] GET https://firebase.googleapis.com/v1beta1/projects/amira-cc205:searchApps 403
[debug] [2026-03-31T00:13:26.502Z] <<< [apiv2][body] GET https://firebase.googleapis.com/v1beta1/projects/amira-cc205:searchApps {"error":{"code":403,"message":"The caller does not have permission","status":"PERMISSION_DENIED"}}
[debug] [2026-03-31T00:13:26.504Z] Request to https://firebase.googleapis.com/v1beta1/projects/amira-cc205:searchApps?pageSize=100 had HTTP Error: 403, The caller does not have permission
[debug] [2026-03-31T00:13:26.512Z] FirebaseError: Request to https://firebase.googleapis.com/v1beta1/projects/amira-cc205:searchApps?pageSize=100 had HTTP Error: 403, The caller does not have permission
    at responseToError (/Users/mac/.nvm/versions/node/v24.13.0/lib/node_modules/firebase-tools/lib/responseToError.js:53:12)
    at RetryOperation._fn (/Users/mac/.nvm/versions/node/v24.13.0/lib/node_modules/firebase-tools/lib/apiv2.js:330:77)
    at process.processTicksAndRejections (node:internal/process/task_queues:103:5)
[error] 
[error] Error: Failed to list Firebase apps. See firebase-debug.log for more info.
