
> cargofly@0.1.0 dev
> next dev -p 3001

▲ Next.js 16.1.6 (Turbopack)
- Local:         http://localhost:3001
- Network:       http://192.168.1.14:3001
- Environments: .env.local

✓ Starting...
○ Compiling proxy ...
✓ Ready in 40.5s
○ Compiling /dashboard/new-booking ...
 GET /dashboard/new-booking 200 in 37.1s (compile: 23.4s, render: 13.7s)
 GET /api/payments/graph/balance 404 in 15.2s (compile: 5.6s, proxy.ts: 2.6s, render: 7.0s)
 POST /api/auth/session 200 in 17.6s (compile: 9.9s, proxy.ts: 2.6s, render: 5.1s)
✓ Finished filesystem cache database compaction in 61s
✓ Finished writing to filesystem cache in 56s
 GET / 200 in 15.1s (compile: 4.3s, render: 10.9s)
✓ Finished writing to filesystem cache in 10.3s
 POST /api/auth/session 200 in 12.0s (compile: 2.2s, proxy.ts: 1610ms, render: 8.2s)
 GET /api/payments/graph/balance 404 in 12.0s (compile: 5.5s, proxy.ts: 1165ms, render: 5.4s)
○ Compiling /login ...
 GET /login 200 in 14.9s (compile: 13.1s, render: 1734ms)
○ Compiling /dashboard ...
 GET /dashboard 200 in 4.6s (compile: 3.6s, render: 1039ms)
 GET /dashboard/shipments 200 in 4.6s (compile: 2.6s, render: 1943ms)
 GET /dashboard/new-booking 200 in 830ms (compile: 64ms, render: 765ms)
✓ Compiled in 47.3s
✓ Compiled in 4.2s
✓ Compiled in 2.9s
 GET /dashboard/shipments 200 in 1814ms (compile: 443ms, render: 1371ms)
 GET /dashboard 200 in 5.8s (compile: 58ms, render: 5.7s)
 GET /dashboard/shipments 200 in 3.1s (compile: 2.2s, render: 813ms)
 GET /dashboard/new-booking 200 in 317ms (compile: 104ms, render: 213ms)
○ Compiling /api/address/search ...
 GET /dashboard 200 in 705ms (compile: 167ms, render: 538ms)
 GET /dashboard 200 in 444ms (compile: 8ms, render: 436ms)
 GET /api/address/search?q=Lagod&limit=5 200 in 14.4s (compile: 13.0s, proxy.ts: 32ms, render: 1361ms)
 GET /api/address/search?q=Lagos&limit=5 200 in 14.3s (compile: 12.6s, proxy.ts: 11ms, render: 1648ms)
 GET /admin/support 404 in 656ms (compile: 189ms, render: 467ms)
 GET /api/payments/graph/balance 404 in 1525ms (compile: 229ms, proxy.ts: 23ms, render: 1274ms)
 POST /api/auth/session 200 in 3.1s (compile: 146ms, proxy.ts: 14ms, render: 2.9s)
 GET /dashboard 200 in 2.1s (compile: 19ms, render: 2.0s)
 POST /api/auth/session 200 in 5.9s (compile: 10ms, proxy.ts: 17ms, render: 5.8s)
 GET /api/payments/graph/balance 404 in 6.4s (compile: 1486ms, proxy.ts: 11ms, render: 4.9s)
 GET /dashboard 200 in 5.5s (compile: 1056ms, render: 4.5s)
 GET /dashboard/shipments 200 in 4.7s (compile: 843ms, render: 3.8s)
 GET /dashboard 200 in 2.9s (compile: 179ms, render: 2.7s)
✓ Compiled in 19.6s
✓ Finished writing to filesystem cache in 13.1s
✓ Compiled in 827ms
 GET /dashboard/new-booking 200 in 5.7s (compile: 5.3s, render: 419ms)
✓ Compiled in 8.5s
Attempting payment initialization with korapay...
 POST /api/payments/initialize 200 in 3.9s (compile: 2.2s, proxy.ts: 584ms, render: 1080ms)
○ Compiling /dashboard/wallet ...
 GET /dashboard/wallet 200 in 10.7s (compile: 6.6s, render: 4.1s)
 GET /dashboard 200 in 613ms (compile: 64ms, render: 549ms)
✓ Compiled in 12.2s
 GET /dashboard 200 in 965ms (compile: 535ms, render: 430ms)
✓ Finished filesystem cache database compaction in 89s
 GET /dashboard/shipments 200 in 1573ms (compile: 1219ms, render: 354ms)
○ Compiling /dashboard/support ...
 GET /dashboard/support 200 in 9.1s (compile: 8.1s, render: 938ms)
 GET /dashboard/wallet 200 in 1014ms (compile: 531ms, render: 483ms)
 GET /dashboard/support 200 in 212ms (compile: 18ms, render: 194ms)
✓ Compiled in 23.4s
 GET /dashboard 200 in 2.7s (compile: 1200ms, render: 1543ms)
 GET /dashboard/shipments 200 in 1428ms (compile: 944ms, render: 483ms)
 GET /dashboard/new-booking 200 in 1227ms (compile: 903ms, render: 324ms)
Attempting payment initialization with korapay...
 POST /api/payments/initialize 200 in 5.2s (compile: 198ms, proxy.ts: 115ms, render: 4.9s)
 GET /dashboard/new-booking 200 in 3.6s (compile: 51ms, render: 3.6s)
 GET /dashboard 200 in 539ms (compile: 26ms, render: 513ms)
 GET /api/payments/graph/balance 404 in 610ms (compile: 217ms, proxy.ts: 88ms, render: 305ms)
 POST /api/auth/session 200 in 1970ms (compile: 91ms, proxy.ts: 88ms, render: 1791ms)
○ Compiling /dashboard/quotes ...
 GET /dashboard/shipments 200 in 138ms (compile: 14ms, render: 124ms)
 GET /dashboard 200 in 335ms (compile: 39ms, render: 296ms)
 GET /dashboard/shipments 200 in 228ms (compile: 53ms, render: 175ms)
 GET /dashboard 200 in 204ms (compile: 14ms, render: 190ms)
 GET /dashboard/support 200 in 6.2s (compile: 4.8s, render: 1362ms)
 GET /dashboard/quotes 200 in 42s (compile: 42s, render: 368ms)
✓ Finished writing to filesystem cache in 10.8s
✓ Finished filesystem cache database compaction in 65s
✓ Compiled in 10.2s
✓ Finished filesystem cache database compaction in 94s
○ Compiling /dashboard/settings ...
 GET /dashboard/settings 200 in 38.7s (compile: 32.8s, render: 5.9s)
 GET /dashboard/settings 200 in 3.6s (compile: 449ms, render: 3.2s)
 GET /dashboard 200 in 806ms (compile: 353ms, render: 453ms)
 GET /dashboard/shipments 200 in 659ms (compile: 178ms, render: 482ms)
 GET /dashboard/shipments 200 in 616ms (compile: 18ms, render: 598ms)
 GET /dashboard/new-booking 200 in 1371ms (compile: 300ms, render: 1071ms)
 GET /dashboard/wallet 200 in 1929ms (compile: 971ms, render: 958ms)
 GET /dashboard/settings 200 in 1867ms (compile: 263ms, render: 1604ms)
 GET /dashboard 200 in 68ms (compile: 25ms, render: 43ms)
 GET /dashboard/track 404 in 584ms (compile: 60ms, render: 524ms)
 GET /dashboard/track 404 in 283ms (compile: 49ms, render: 234ms)
 GET /api/payments/graph/balance 404 in 564ms (compile: 124ms, proxy.ts: 32ms, render: 407ms)
 POST /api/auth/session 200 in 4.3s (compile: 41ms, proxy.ts: 39ms, render: 4.2s)
✓ Compiled in 35.9s
✓ Finished writing to filesystem cache in 10.4s
 GET /dashboard 200 in 10.7s (compile: 6.9s, render: 3.8s)
 GET /api/payments/graph/balance 404 in 3.3s (compile: 801ms, proxy.ts: 613ms, render: 1890ms)
 POST /api/auth/session 200 in 4.6s (compile: 96ms, proxy.ts: 580ms, render: 3.9s)
 GET /dashboard/quotes 200 in 1616ms (compile: 1310ms, render: 306ms)
○ Compiling /ship ...
 GET /dashboard/wallet 200 in 6.1s (compile: 2.0s, render: 4.1s)
 GET /dashboard/support 200 in 5.8s (compile: 3.6s, render: 2.2s)
 GET /ship 200 in 46s (compile: 45s, render: 1242ms)
 GET /ship 200 in 21.0s (compile: 18.8s, render: 2.2s)
✓ Finished writing to filesystem cache in 17.7s
✓ Compiled in 74.3s
✓ Finished writing to filesystem cache in 23.0s
 GET /dashboard 200 in 3.7s (compile: 1169ms, render: 2.5s)
✓ Finished writing to filesystem cache in 39.8s
 GET /dashboard/wallet 200 in 11.1s (compile: 10.0s, render: 1094ms)
✓ Compiled in 15.4s
✓ Compiled in 1ms
 GET /dashboard/wallet 200 in 34.5s (compile: 28.1s, render: 6.5s)
 GET /dashboard/wallet 200 in 6.5s (compile: 26ms, render: 6.5s)
 GET /dashboard/wallet 200 in 7.2s (compile: 38ms, render: 7.2s)
 GET /dashboard/wallet 200 in 8.0s (compile: 521ms, render: 7.5s)
 GET /dashboard/wallet 200 in 10.0s (compile: 402ms, render: 9.6s)
 GET /dashboard/wallet 200 in 9.9s (compile: 13ms, render: 9.9s)
 GET /dashboard/wallet 200 in 10.4s (compile: 1430ms, render: 9.0s)
 GET /dashboard/wallet 200 in 9.2s (compile: 90ms, render: 9.1s)
 GET /dashboard/wallet 200 in 9.0s (compile: 190ms, render: 8.8s)
 GET /dashboard/wallet 200 in 6.6s (compile: 28ms, render: 6.6s)
 GET /dashboard/wallet 200 in 5.4s (compile: 166ms, render: 5.3s)
 GET /dashboard/wallet 200 in 5.8s (compile: 603ms, render: 5.2s)
 GET /dashboard/wallet 200 in 7.9s (compile: 60ms, render: 7.8s)
 GET /dashboard/wallet 200 in 10.4s (compile: 101ms, render: 10.3s)
 GET /dashboard/wallet 200 in 10.8s (compile: 250ms, render: 10.5s)
 GET /dashboard/wallet 200 in 10.6s (compile: 29ms, render: 10.6s)
 GET /dashboard/wallet 200 in 9.6s (compile: 948ms, render: 8.7s)
 GET /dashboard/wallet 200 in 19.5s (compile: 12ms, render: 19.5s)
 GET /dashboard/wallet 200 in 17.4s (compile: 26ms, render: 17.4s)
 GET /dashboard 200 in 15.6s (compile: 12.4s, render: 3.1s)
 GET /dashboard 200 in 2.7s (compile: 46ms, render: 2.6s)
 GET /dashboard/wallet 200 in 15.7s (compile: 67ms, render: 15.7s)
 GET /dashboard/wallet 200 in 4.4s (compile: 725ms, render: 3.7s)
 GET /dashboard/wallet 200 in 3.6s (compile: 285ms, render: 3.3s)
 GET /dashboard/wallet 200 in 3.5s (compile: 7ms, render: 3.5s)
 GET /dashboard/wallet 200 in 4.5s (compile: 273ms, render: 4.2s)
 GET /dashboard/wallet 200 in 4.5s (compile: 12ms, render: 4.5s)
 GET /dashboard/wallet 200 in 7.4s (compile: 33ms, render: 7.4s)
 GET /dashboard/wallet 200 in 9.2s (compile: 56ms, render: 9.1s)
 GET /dashboard/wallet 200 in 9.0s (compile: 510ms, render: 8.5s)
 GET /dashboard/wallet 200 in 9.0s (compile: 421ms, render: 8.5s)
 GET /dashboard/wallet 200 in 8.5s (compile: 229ms, render: 8.3s)
 GET /dashboard/wallet 200 in 8.9s (compile: 28ms, render: 8.9s)
✓ Finished writing to filesystem cache in 67s
 GET /dashboard/wallet 200 in 8.2s (compile: 15ms, render: 8.2s)
 GET /dashboard/wallet 200 in 6.5s (compile: 697ms, render: 5.8s)
 GET /dashboard/wallet 200 in 6.7s (compile: 171ms, render: 6.5s)
 GET /dashboard/wallet 200 in 6.9s (compile: 253ms, render: 6.7s)
 GET /dashboard/wallet 200 in 6.7s (compile: 201ms, render: 6.5s)
 GET /dashboard/wallet 200 in 6.0s (compile: 41ms, render: 5.9s)
 GET /dashboard/wallet 200 in 6.1s (compile: 69ms, render: 6.1s)
 GET /dashboard/wallet 200 in 7.0s (compile: 997ms, render: 6.0s)
 GET /dashboard/wallet 200 in 4.9s (compile: 8ms, render: 4.9s)
 GET /dashboard/wallet 200 in 4.4s (compile: 393ms, render: 4.0s)
 GET /dashboard/wallet 200 in 7.2s (compile: 576ms, render: 6.6s)
 GET /dashboard/wallet 200 in 6.9s (compile: 41ms, render: 6.9s)
 GET /dashboard/wallet 200 in 7.8s (compile: 17ms, render: 7.7s)
 GET /dashboard/wallet 200 in 7.4s (compile: 11ms, render: 7.4s)
 GET /dashboard/wallet 200 in 8.0s (compile: 10ms, render: 8.0s)
 GET /dashboard/wallet 200 in 5.4s (compile: 544ms, render: 4.8s)
 GET /dashboard/wallet 200 in 4.4s (compile: 471ms, render: 3.9s)
 GET /dashboard/wallet 200 in 4.3s (compile: 256ms, render: 4.0s)
 GET /dashboard/wallet 200 in 4.7s (compile: 28ms, render: 4.7s)
 GET /dashboard/wallet 200 in 4.6s (compile: 24ms, render: 4.6s)
 GET /dashboard/wallet 200 in 4.6s (compile: 63ms, render: 4.5s)
 GET /dashboard/wallet 200 in 5.0s (compile: 47ms, render: 4.9s)
 GET /dashboard/wallet 200 in 4.6s (compile: 82ms, render: 4.5s)
 GET /dashboard/wallet 200 in 5.6s (compile: 411ms, render: 5.2s)
 GET /dashboard/wallet 200 in 5.9s (compile: 82ms, render: 5.8s)
 GET /dashboard/wallet 200 in 6.0s (compile: 34ms, render: 5.9s)
 GET /dashboard/wallet 200 in 5.8s (compile: 37ms, render: 5.8s)
 GET /dashboard/wallet 200 in 5.7s (compile: 39ms, render: 5.7s)
 GET /dashboard/wallet 200 in 6.3s (compile: 76ms, render: 6.2s)
 GET /dashboard/wallet 200 in 5.0s (compile: 502ms, render: 4.5s)
 GET /dashboard/wallet 200 in 4.8s (compile: 27ms, render: 4.8s)
 GET /dashboard/wallet 200 in 5.8s (compile: 53ms, render: 5.7s)
 GET /dashboard/wallet 200 in 5.7s (compile: 17ms, render: 5.7s)
 GET /dashboard/wallet 200 in 5.3s (compile: 55ms, render: 5.3s)
 GET /dashboard/wallet 200 in 4.9s (compile: 262ms, render: 4.6s)
 GET /dashboard/wallet 200 in 3.9s (compile: 61ms, render: 3.8s)
 GET /dashboard/wallet 200 in 3.9s (compile: 521ms, render: 3.4s)
 GET /dashboard/wallet 200 in 3.6s (compile: 63ms, render: 3.5s)
 GET /dashboard/wallet 200 in 3.5s (compile: 44ms, render: 3.5s)
 GET /dashboard/wallet 200 in 3.9s (compile: 19ms, render: 3.9s)
 GET /dashboard/wallet 200 in 4.2s (compile: 68ms, render: 4.1s)
 GET /dashboard/wallet 200 in 4.7s (compile: 121ms, render: 4.6s)
 GET /dashboard/wallet 200 in 5.1s (compile: 32ms, render: 5.0s)
 GET /dashboard/wallet 200 in 6.3s (compile: 43ms, render: 6.2s)
 GET /dashboard/wallet 200 in 7.6s (compile: 42ms, render: 7.6s)
 GET /dashboard/wallet 200 in 8.1s (compile: 63ms, render: 8.1s)
 GET /dashboard/wallet 200 in 7.8s (compile: 36ms, render: 7.8s)
 GET /dashboard/wallet 200 in 7.9s (compile: 33ms, render: 7.9s)
 GET /dashboard/wallet 200 in 6.6s (compile: 41ms, render: 6.6s)
 GET /dashboard/wallet 200 in 6.4s (compile: 185ms, render: 6.3s)
 GET /dashboard/wallet 200 in 5.3s (compile: 251ms, render: 5.0s)
 GET /dashboard/wallet 200 in 5.5s (compile: 54ms, render: 5.5s)
 GET /dashboard/wallet 200 in 5.7s (compile: 41ms, render: 5.6s)
 GET /dashboard/wallet 200 in 5.2s (compile: 184ms, render: 5.1s)
 GET /dashboard/wallet 200 in 5.4s (compile: 46ms, render: 5.4s)
 GET /dashboard/wallet 200 in 7.3s (compile: 39ms, render: 7.2s)
 GET /dashboard/wallet 200 in 9.1s (compile: 312ms, render: 8.8s)
 GET /dashboard/wallet 200 in 9.5s (compile: 57ms, render: 9.5s)
 GET /dashboard/wallet 200 in 11.1s (compile: 101ms, render: 11.0s)
 GET /dashboard/wallet 200 in 11.4s (compile: 41ms, render: 11.4s)
 GET /dashboard/wallet 200 in 9.9s (compile: 13ms, render: 9.9s)
 GET /dashboard/wallet 200 in 9.0s (compile: 526ms, render: 8.4s)
 GET /dashboard/wallet 200 in 8.3s (compile: 6ms, render: 8.3s)
 GET /dashboard/wallet 200 in 10.3s (compile: 14ms, render: 10.3s)
 GET /dashboard/wallet 200 in 14.8s (compile: 40ms, render: 14.8s)
 GET /dashboard/wallet 200 in 13.7s (compile: 47ms, render: 13.6s)
 GET /dashboard/wallet 200 in 24.4s (compile: 556ms, render: 23.8s)
 GET /dashboard/wallet 200 in 23.2s (compile: 184ms, render: 23.0s)
 GET /dashboard/wallet 200 in 21.9s (compile: 21ms, render: 21.8s)
 GET /dashboard/wallet 200 in 20.6s (compile: 7ms, render: 20.6s)
 GET /dashboard/wallet 200 in 13.9s (compile: 66ms, render: 13.8s)
 GET /dashboard/wallet 200 in 1879ms (compile: 135ms, render: 1744ms)
 GET /dashboard/wallet 200 in 1478ms (compile: 151ms, render: 1327ms)
 GET /dashboard/wallet 200 in 1062ms (compile: 62ms, render: 1001ms)
 GET /dashboard/wallet 200 in 909ms (compile: 30ms, render: 879ms)
✓ Finished filesystem cache database compaction in 3.2min
✓ Finished writing to filesystem cache in 3.0min
 GET /dashboard 200 in 14.7s (compile: 1354ms, render: 13.4s)
 HEAD / 200 in 8.1s (compile: 4.0s, render: 4.0s)
 GET / 200 in 967ms (compile: 35ms, render: 932ms)
 GET / 200 in 1497ms (compile: 291ms, render: 1206ms)
 GET /api/payments/graph/balance 404 in 9.5s (compile: 4.7s, proxy.ts: 372ms, render: 4.4s)
 POST /api/auth/session 200 in 11.2s (compile: 2.7s, proxy.ts: 376ms, render: 8.1s)
 GET /login 200 in 6.3s (compile: 5.9s, render: 424ms)
 GET /dashboard 200 in 205ms (compile: 24ms, render: 181ms)
 GET /dashboard/shipments 200 in 1571ms (compile: 1255ms, render: 316ms)
 GET /dashboard 200 in 84ms (compile: 6ms, render: 78ms)
 GET /dashboard/shipments 200 in 301ms (compile: 80ms, render: 221ms)
○ Compiling /api/payments/verify ...
 GET /dashboard/new-booking 200 in 4.9s (compile: 2.6s, render: 2.3s)
 GET /api/payments/verify?reference=CF-ZHPD0SN9 200 in 15.7s (compile: 13.7s, proxy.ts: 27ms, render: 1949ms)
 GET /dashboard/wallet 200 in 83ms (compile: 29ms, render: 53ms)
✓ Compiled in 20.2s
✓ Finished writing to filesystem cache in 14.2s
✓ Compiled in 8.1s
✓ Compiled in 15.8s
 GET /dashboard 200 in 15.0s (compile: 10.6s, render: 4.4s)
 GET /dashboard/shipments 200 in 6.9s (compile: 2.4s, render: 4.5s)
 GET /dashboard/shipments 200 in 2.5s (compile: 300ms, render: 2.2s)
 GET /dashboard/new-booking 200 in 1238ms (compile: 476ms, render: 763ms)
 GET /dashboard/wallet 200 in 2.2s (compile: 1254ms, render: 964ms)
 GET /dashboard/support 200 in 15.1s (compile: 12.9s, render: 2.2s)
 HEAD /dashboard 200 in 10.9s (compile: 379ms, render: 10.5s)
 GET /dashboard 200 in 460ms (compile: 57ms, render: 404ms)
 HEAD /dashboard 200 in 2.9s (compile: 861ms, render: 2.0s)
 GET /dashboard/wallet 200 in 2.6s (compile: 1054ms, render: 1501ms)
 GET /dashboard/new-booking 200 in 2.9s (compile: 188ms, render: 2.7s)
 GET /dashboard/new-booking 200 in 1373ms (compile: 228ms, render: 1145ms)
 GET /dashboard/support 200 in 1136ms (compile: 187ms, render: 949ms)
✓ Compiled in 22.1s
○ Compiling proxy ...
○ Compiling /dashboard/support ...
 GET /dashboard/support 200 in 77s (compile: 38.3s, render: 39.0s)
 GET /dashboard/support 200 in 77s (compile: 58s, render: 18.6s)
 GET /dashboard/support 200 in 78s (compile: 51s, render: 26.9s)
 GET /dashboard/support 200 in 78s (compile: 57s, render: 21.4s)
 GET /dashboard/support 200 in 79s (compile: 66s, render: 12.8s)
 GET /dashboard/support 200 in 72s (compile: 58s, render: 13.5s)
 GET /dashboard/support 200 in 79s (compile: 61s, render: 18.8s)
✓ Compiled in 4.4s
 GET /dashboard/support 200 in 20.0s (compile: 895ms, render: 19.1s)
 GET /dashboard/support 200 in 22.9s (compile: 8.3s, render: 14.7s)
 GET /dashboard/support 200 in 23.7s (compile: 15.9s, render: 7.8s)
 GET /dashboard/support 200 in 23.7s (compile: 14.4s, render: 9.3s)
 GET /dashboard/support 200 in 24.0s (compile: 20.8s, render: 3.2s)
 GET /dashboard/support 200 in 24.1s (compile: 21.8s, render: 2.3s)
 GET /dashboard/support 200 in 10.0s (compile: 28ms, render: 10.0s)
 GET /dashboard/support 200 in 10.1s (compile: 1979ms, render: 8.1s)
 GET /dashboard/support 200 in 10.1s (compile: 3.2s, render: 6.8s)
 GET /dashboard/support 200 in 10.1s (compile: 3.6s, render: 6.5s)
 GET /dashboard/support 200 in 10.1s (compile: 5.3s, render: 4.8s)
 GET /dashboard/support 200 in 10.4s (compile: 6.8s, render: 3.6s)
 GET /dashboard/support 200 in 8.5s (compile: 1413ms, render: 7.1s)
 GET /dashboard/support 200 in 8.5s (compile: 1991ms, render: 6.5s)
 GET /dashboard/support 200 in 8.6s (compile: 782ms, render: 7.8s)
 GET /dashboard/support 200 in 8.6s (compile: 149ms, render: 8.4s)
 GET /dashboard/support 200 in 8.5s (compile: 1980ms, render: 6.5s)
 GET /dashboard/support 200 in 6.5s (compile: 1060ms, render: 5.4s)
 GET /dashboard/support 200 in 19.9s (compile: 23ms, render: 19.9s)
 GET /dashboard/support 200 in 18.1s (compile: 18ms, render: 18.1s)
 GET /dashboard/support 200 in 18.2s (compile: 2.1s, render: 16.0s)
 GET /dashboard/support 200 in 18.2s (compile: 6.4s, render: 11.8s)
 GET /dashboard/support 200 in 18.5s (compile: 13.9s, render: 4.6s)
 GET /dashboard/support 200 in 18.6s (compile: 14.7s, render: 3.9s)
 GET /dashboard/support 200 in 24.1s (compile: 339ms, render: 23.8s)
 GET /dashboard/support 200 in 22.2s (compile: 9.9s, render: 12.3s)
 GET /dashboard/support 200 in 22.7s (compile: 2.6s, render: 20.2s)
 GET /dashboard/support 200 in 24.1s (compile: 3.4s, render: 20.7s)
 GET /dashboard/support 200 in 25.0s (compile: 14ms, render: 25.0s)
 GET /dashboard/support 200 in 25.0s (compile: 1494ms, render: 23.6s)
✓ Finished filesystem cache database compaction in 4.7min
 GET /dashboard/support 200 in 16.1s (compile: 2.0s, render: 14.1s)
 GET /dashboard/support 200 in 14.0s (compile: 1078ms, render: 13.0s)
 GET /dashboard/support 200 in 14.7s (compile: 1130ms, render: 13.6s)
 GET /dashboard/support 200 in 14.6s (compile: 2.6s, render: 12.0s)
 GET /dashboard/support 200 in 19.4s (compile: 2.7s, render: 16.6s)
 GET /dashboard/support 200 in 16.8s (compile: 3.7s, render: 13.2s)
 GET /dashboard/support 200 in 10.6s (compile: 1188ms, render: 9.4s)
 GET /dashboard/support 200 in 4.2s (compile: 418ms, render: 3.8s)
 GET /dashboard/support 200 in 4.2s (compile: 1423ms, render: 2.8s)
 GET /dashboard/support 200 in 4.2s (compile: 951ms, render: 3.2s)
 GET /dashboard/support 200 in 4.5s (compile: 2.2s, render: 2.3s)
 GET /dashboard/support 200 in 4.5s (compile: 2.4s, render: 2.1s)
✓ Finished writing to filesystem cache in 4.4min
 GET /dashboard/support 200 in 11.7s (compile: 17ms, render: 11.6s)
 GET /dashboard/support 200 in 11.5s (compile: 1061ms, render: 10.5s)
 GET /dashboard/support 200 in 13.1s (compile: 117ms, render: 12.9s)
 GET /dashboard/support 200 in 13.1s (compile: 1685ms, render: 11.4s)
 GET /dashboard/support 200 in 13.4s (compile: 4.1s, render: 9.2s)
 GET /dashboard/support 200 in 13.4s (compile: 5.4s, render: 8.0s)
 GET /dashboard/support 200 in 22.1s (compile: 803ms, render: 21.3s)
 GET /dashboard/support 200 in 20.6s (compile: 23ms, render: 20.5s)
 GET /dashboard/support 200 in 20.6s (compile: 1805ms, render: 18.8s)
 GET /dashboard/support 200 in 20.6s (compile: 16.3s, render: 4.3s)
 GET /dashboard/support 200 in 20.6s (compile: 18.6s, render: 2.0s)
 GET /dashboard/support 200 in 6.6s (compile: 4.9s, render: 1667ms)
 GET /dashboard/support 200 in 2.1s (compile: 15ms, render: 2.1s)
 GET /dashboard/support 200 in 1651ms (compile: 22ms, render: 1629ms)
 GET /dashboard/support 200 in 1652ms (compile: 525ms, render: 1126ms)
 GET /dashboard/support 200 in 1815ms (compile: 758ms, render: 1057ms)
 GET /dashboard/support 200 in 1817ms (compile: 825ms, render: 992ms)
 GET /dashboard/support 200 in 1125ms (compile: 591ms, render: 534ms)
 GET /dashboard/support 200 in 1450ms (compile: 18ms, render: 1432ms)
 GET /dashboard/support 200 in 1135ms (compile: 355ms, render: 781ms)
 GET /dashboard/support 200 in 1142ms (compile: 23ms, render: 1119ms)
 GET /dashboard/support 200 in 1147ms (compile: 250ms, render: 897ms)
 GET /dashboard/support 200 in 1491ms (compile: 543ms, render: 948ms)
 GET /dashboard/support 200 in 1491ms (compile: 743ms, render: 749ms)
 GET /dashboard/support 200 in 1410ms (compile: 26ms, render: 1384ms)
 GET /dashboard/support 200 in 1061ms (compile: 33ms, render: 1028ms)
 GET /dashboard/support 200 in 1074ms (compile: 91ms, render: 983ms)
 GET /dashboard/support 200 in 1075ms (compile: 444ms, render: 631ms)
 GET /dashboard/support 200 in 1193ms (compile: 713ms, render: 480ms)
 GET /dashboard/support 200 in 512ms (compile: 200ms, render: 313ms)
 GET /dashboard/support 200 in 587ms (compile: 28ms, render: 559ms)
 GET /dashboard/support 200 in 418ms (compile: 11ms, render: 407ms)
 GET /dashboard/support 200 in 418ms (compile: 67ms, render: 351ms)
 GET /dashboard/support 200 in 428ms (compile: 222ms, render: 207ms)
 GET /dashboard/support 200 in 333ms (compile: 185ms, render: 148ms)
 GET /dashboard/support 200 in 489ms (compile: 264ms, render: 225ms)
 GET /dashboard/support 200 in 517ms (compile: 14ms, render: 502ms)
 GET /dashboard/support 200 in 456ms (compile: 63ms, render: 393ms)
 GET /dashboard/support 200 in 459ms (compile: 9ms, render: 449ms)
 GET /dashboard/support 200 in 370ms (compile: 11ms, render: 359ms)
 GET /dashboard/support 200 in 388ms (compile: 44ms, render: 344ms)
 GET /dashboard/support 200 in 389ms (compile: 91ms, render: 298ms)
 GET /dashboard/support 200 in 424ms (compile: 13ms, render: 411ms)
 GET /dashboard/support 200 in 271ms (compile: 104ms, render: 167ms)
 GET /dashboard/support 200 in 276ms (compile: 33ms, render: 243ms)
 GET /dashboard/support 200 in 114ms (compile: 6ms, render: 108ms)
 GET /dashboard/support 200 in 116ms (compile: 43ms, render: 73ms)
 GET /dashboard/support 200 in 116ms (compile: 68ms, render: 48ms)
 GET /dashboard/support 200 in 1302ms (compile: 6ms, render: 1296ms)
 GET /dashboard/support 200 in 1209ms (compile: 49ms, render: 1161ms)
 GET /dashboard/support 200 in 1212ms (compile: 14ms, render: 1197ms)
 GET /dashboard/support 200 in 1210ms (compile: 145ms, render: 1065ms)
 GET /dashboard/support 200 in 1263ms (compile: 167ms, render: 1095ms)
 GET /dashboard/support 200 in 1264ms (compile: 526ms, render: 738ms)
✓ Finished writing to filesystem cache in 37.7s
 GET /dashboard/support 200 in 1776ms (compile: 16ms, render: 1760ms)
 GET /dashboard/support 200 in 1585ms (compile: 15ms, render: 1570ms)
 GET /dashboard/support 200 in 1591ms (compile: 176ms, render: 1415ms)
 GET /dashboard/support 200 in 975ms (compile: 18ms, render: 957ms)
 GET /dashboard/support 200 in 1121ms (compile: 302ms, render: 819ms)
 GET /dashboard/support 200 in 1127ms (compile: 621ms, render: 507ms)
 GET /dashboard/support 200 in 1027ms (compile: 15ms, render: 1012ms)
 GET /dashboard/support 200 in 887ms (compile: 41ms, render: 846ms)
 GET /dashboard/support 200 in 885ms (compile: 175ms, render: 710ms)
 GET /dashboard/support 200 in 721ms (compile: 236ms, render: 485ms)
 GET /dashboard/support 200 in 294ms (compile: 11ms, render: 284ms)
 GET /dashboard/support 200 in 331ms (compile: 162ms, render: 169ms)
 GET /dashboard/support 200 in 227ms (compile: 9ms, render: 218ms)
 GET /dashboard/support 200 in 483ms (compile: 114ms, render: 369ms)
 GET /dashboard/support 200 in 475ms (compile: 57ms, render: 418ms)
 GET /dashboard/support 200 in 319ms (compile: 5ms, render: 314ms)
 GET /dashboard 200 in 2.9s (compile: 2.5s, render: 334ms)
 GET /dashboard 200 in 3.0s (compile: 2.9s, render: 62ms)
✓ Finished filesystem cache database compaction in 41s
✓ Finished writing to filesystem cache in 37.1s
 GET /dashboard/shipments 200 in 5.8s (compile: 4.5s, render: 1296ms)
○ Compiling /dashboard/tickets ...
 GET /dashboard 200 in 1187ms (compile: 352ms, render: 835ms)
✓ Finished writing to filesystem cache in 12.0s
[?25h
